[2025-12-06T16:40:34.116Z] [REQUEST] New Ticket Purchase Initiated | Data: {"ticketType":"VVIP","adults":1,"children":0,"paymentMethod":"mpesa","fullName":"isaya test","phone":"0794809887","totalAmount":100000}
[2025-12-06T16:40:34.145Z] [ERROR] System Exception during Ticket Process | Data: {"query":"insert into `tickets` (`id`, `ticket_code`, `guest_name`, `guest_phone`, `ticket_type`, `adult_count`, `child_count`, `total_amount`, `status`, `payment_status`, `is_used`, `scanned_at`, `created_at`, `updated_at`) values (default, ?, ?, ?, ?, ?, ?, ?, ?, ?, default, default, default, default)","params":["78cfeca9-ab99-4116-9f61-f743ded5de3b","isaya test","255794809887","VVIP",1,0,"100000","PENDING","UNPAID"],"cause":{"message":"connect ECONNREFUSED 127.0.0.1:3306","code":"ECONNREFUSED","errno":-4078}}
[2025-12-06T16:40:37.316Z] [REQUEST] New Ticket Purchase Initiated | Data: {"ticketType":"VVIP","adults":1,"children":0,"paymentMethod":"mpesa","fullName":"isaya test","phone":"0794809887","totalAmount":100000}
[2025-12-06T16:40:37.321Z] [ERROR] System Exception during Ticket Process | Data: {"query":"insert into `tickets` (`id`, `ticket_code`, `guest_name`, `guest_phone`, `ticket_type`, `adult_count`, `child_count`, `total_amount`, `status`, `payment_status`, `is_used`, `scanned_at`, `created_at`, `updated_at`) values (default, ?, ?, ?, ?, ?, ?, ?, ?, ?, default, default, default, default)","params":["aac4eb93-5702-495a-8a5e-36f58a2d94d1","isaya test","255794809887","VVIP",1,0,"100000","PENDING","UNPAID"],"cause":{"message":"connect ECONNREFUSED 127.0.0.1:3306","code":"ECONNREFUSED","errno":-4078}}
[2025-12-06T16:40:38.914Z] [REQUEST] New Ticket Purchase Initiated | Data: {"ticketType":"VVIP","adults":1,"children":0,"paymentMethod":"mpesa","fullName":"isaya test","phone":"0794809887","totalAmount":100000}
[2025-12-06T16:40:38.919Z] [ERROR] System Exception during Ticket Process | Data: {"query":"insert into `tickets` (`id`, `ticket_code`, `guest_name`, `guest_phone`, `ticket_type`, `adult_count`, `child_count`, `total_amount`, `status`, `payment_status`, `is_used`, `scanned_at`, `created_at`, `updated_at`) values (default, ?, ?, ?, ?, ?, ?, ?, ?, ?, default, default, default, default)","params":["4267328f-e30c-4b51-b2e5-673c02af45cb","isaya test","255794809887","VVIP",1,0,"100000","PENDING","UNPAID"],"cause":{"message":"connect ECONNREFUSED 127.0.0.1:3306","code":"ECONNREFUSED","errno":-4078}}
[2025-12-06T16:41:12.896Z] [REQUEST] New Ticket Purchase Initiated | Data: {"ticketType":"VVIP","adults":1,"children":0,"paymentMethod":"mpesa","fullName":"isaya test","phone":"0794809887","totalAmount":100000}
[2025-12-06T16:41:15.456Z] [ERROR] System Exception during Ticket Process | Data: {"query":"insert into `tickets` (`id`, `ticket_code`, `guest_name`, `guest_phone`, `ticket_type`, `adult_count`, `child_count`, `total_amount`, `status`, `payment_status`, `is_used`, `scanned_at`, `created_at`, `updated_at`) values (default, ?, ?, ?, ?, ?, ?, ?, ?, ?, default, default, default, default)","params":["31bf3950-989f-4aae-b567-b12b6128ed68","isaya test","255794809887","VVIP",1,0,"100000","PENDING","UNPAID"],"cause":{"message":"read ECONNRESET","code":"ECONNRESET","errno":-4077}}
[2025-12-06T16:41:18.476Z] [REQUEST] New Ticket Purchase Initiated | Data: {"ticketType":"VVIP","adults":1,"children":0,"paymentMethod":"mpesa","fullName":"isaya test","phone":"0794809887","totalAmount":100000}
[2025-12-06T16:41:18.502Z] [ERROR] System Exception during Ticket Process | Data: {"query":"insert into `tickets` (`id`, `ticket_code`, `guest_name`, `guest_phone`, `ticket_type`, `adult_count`, `child_count`, `total_amount`, `status`, `payment_status`, `is_used`, `scanned_at`, `created_at`, `updated_at`) values (default, ?, ?, ?, ?, ?, ?, ?, ?, ?, default, default, default, default)","params":["9fd57005-0351-4b65-843a-29c5c3dfb23d","isaya test","255794809887","VVIP",1,0,"100000","PENDING","UNPAID"],"cause":{"message":"connect ECONNREFUSED 127.0.0.1:3306","code":"ECONNREFUSED","errno":-4078}}
[2025-12-06T16:41:19.811Z] [REQUEST] New Ticket Purchase Initiated | Data: {"ticketType":"VVIP","adults":1,"children":0,"paymentMethod":"mpesa","fullName":"isaya test","phone":"0794809887","totalAmount":100000}
[2025-12-06T16:41:19.817Z] [ERROR] System Exception during Ticket Process | Data: {"query":"insert into `tickets` (`id`, `ticket_code`, `guest_name`, `guest_phone`, `ticket_type`, `adult_count`, `child_count`, `total_amount`, `status`, `payment_status`, `is_used`, `scanned_at`, `created_at`, `updated_at`) values (default, ?, ?, ?, ?, ?, ?, ?, ?, ?, default, default, default, default)","params":["7cc0d50b-5ee0-4573-92bd-c7e8920ba2e8","isaya test","255794809887","VVIP",1,0,"100000","PENDING","UNPAID"],"cause":{"message":"connect ECONNREFUSED 127.0.0.1:3306","code":"ECONNREFUSED","errno":-4078}}
[2025-12-06T16:41:36.738Z] [REQUEST] New Ticket Purchase Initiated | Data: {"ticketType":"VVIP","adults":1,"children":0,"paymentMethod":"mpesa","fullName":"isaya test","phone":"0794809887","totalAmount":100000}
[2025-12-06T16:41:39.908Z] [RESPONSE] AzamPay Response Received | Data: {"success":false,"message":"Authentication failed"}
[2025-12-06T16:41:41.692Z] [INFO] SMS sent to 255794809887 | Data: {"message":"Hello isaya test, payment failed. Reason: Authentication failed. Please try again."}
[2025-12-06T16:45:06.940Z] [REQUEST] New Ticket Purchase Initiated | Data: {"ticketType":"VVIP","adults":1,"children":0,"paymentMethod":"mpesa","fullName":"isaya test","phone":"0794809887","totalAmount":100000}
[2025-12-06T16:45:07.432Z] [RESPONSE] AzamPay Response Received | Data: {"success":false,"message":"Authentication failed"}
[2025-12-06T16:45:10.668Z] [INFO] SMS sent to 255794809887 | Data: {"message":"Hello isaya test, payment failed. Reason: Authentication failed. Please try again."}
[2025-12-06T16:47:27.803Z] [REQUEST] New Ticket Purchase Initiated | Data: {"ticketType":"VVIP","adults":1,"children":0,"paymentMethod":"mpesa","fullName":"isaya test","phone":"0794809887","totalAmount":100000}
[2025-12-06T16:47:28.391Z] [RESPONSE] AzamPay Response Received | Data: {"success":false,"message":"Authentication failed"}
[2025-12-06T16:47:30.759Z] [INFO] SMS sent to 255794809887 | Data: {"message":"Hello isaya test, payment failed. Reason: Authentication failed. Please try again."}
[2025-12-06T16:50:00.973Z] [REQUEST] New Ticket Purchase Initiated | Data: {"ticketType":"VVIP","adults":1,"children":0,"paymentMethod":"mpesa","fullName":"isaya test","phone":"0794809887","totalAmount":100000}
[2025-12-06T16:50:01.292Z] [RESPONSE] AzamPay Response Received | Data: {"success":false,"message":"Authentication failed"}
[2025-12-06T16:50:02.325Z] [INFO] SMS sent to 255794809887 | Data: {"message":"Hello isaya test, payment failed. Reason: Authentication failed. Please try again."}
[2025-12-06T16:51:14.530Z] [REQUEST] New Ticket Purchase Initiated | Data: {"ticketType":"VVIP","adults":1,"children":0,"paymentMethod":"mpesa","fullName":"dfss","phone":"0794809887","totalAmount":100000}
[2025-12-06T16:51:18.798Z] [RESPONSE] AzamPay Response Received | Data: {"success":false,"message":"Authentication failed"}
[2025-12-06T16:51:20.020Z] [INFO] SMS sent to 255794809887 | Data: {"message":"Hello dfss, payment failed. Reason: Authentication failed. Please try again."}
[2025-12-06T17:01:11.842Z] [REQUEST] New Ticket Purchase Initiated | Data: {"ticketType":"VVIP","adults":1,"children":0,"paymentMethod":"mpesa","fullName":"dfss","phone":"0794809887","totalAmount":100000}
[2025-12-06T17:01:12.608Z] [RESPONSE] AzamPay Response Received | Data: {"success":false,"message":"Failed to authenticate with AzamPay. Check server logs."}
[2025-12-06T17:01:13.789Z] [INFO] SMS sent to 255794809887 | Data: {"message":"Hello dfss, payment failed. Reason: Failed to authenticate with AzamPay. Check server logs.. Please try again."}
[2025-12-06T17:01:36.150Z] [REQUEST] New Ticket Purchase Initiated | Data: {"ticketType":"VVIP","adults":1,"children":0,"paymentMethod":"mpesa","fullName":"dfss","phone":"0794809887","totalAmount":100000}
[2025-12-06T17:01:36.703Z] [RESPONSE] AzamPay Response Received | Data: {"success":false,"message":"Failed to authenticate with AzamPay. Check server logs."}
[2025-12-06T17:01:37.908Z] [INFO] SMS sent to 255794809887 | Data: {"message":"Hello dfss, payment failed. Reason: Failed to authenticate with AzamPay. Check server logs.. Please try again."}
[2025-12-06T17:03:24.517Z] [REQUEST] New Ticket Purchase Initiated | Data: {"ticketType":"VVIP","adults":1,"children":0,"paymentMethod":"mpesa","fullName":"dfss","phone":"0794809887","totalAmount":100000}
[2025-12-06T17:03:25.075Z] [RESPONSE] AzamPay Response Received | Data: {"success":false,"message":"Authentication failed - Could not get Token"}
[2025-12-06T17:03:25.158Z] [ERROR] SMS Network Error | Data: {}
[2025-12-06T17:08:09.664Z] [REQUEST] New Ticket Purchase Initiated | Data: {"ticketType":"VVIP","adults":1,"children":0,"paymentMethod":"mpesa","fullName":"dfss","phone":"0794809887","totalAmount":100000}
[2025-12-06T17:08:09.760Z] [RESPONSE] AzamPay Response Received | Data: {"success":false,"message":"Authentication failed - Could not get Token"}
[2025-12-06T17:08:09.793Z] [ERROR] SMS Network Error | Data: {}
[2025-12-06T17:08:11.620Z] [REQUEST] New Ticket Purchase Initiated | Data: {"ticketType":"VVIP","adults":1,"children":0,"paymentMethod":"mpesa","fullName":"dfss","phone":"0794809887","totalAmount":100000}
[2025-12-06T17:08:11.650Z] [RESPONSE] AzamPay Response Received | Data: {"success":false,"message":"Authentication failed - Could not get Token"}
[2025-12-06T17:08:11.661Z] [ERROR] SMS Network Error | Data: {}
[2025-12-06T17:08:12.740Z] [REQUEST] New Ticket Purchase Initiated | Data: {"ticketType":"VVIP","adults":1,"children":0,"paymentMethod":"mpesa","fullName":"dfss","phone":"0794809887","totalAmount":100000}
[2025-12-06T17:08:12.769Z] [RESPONSE] AzamPay Response Received | Data: {"success":false,"message":"Authentication failed - Could not get Token"}
[2025-12-06T17:08:12.784Z] [ERROR] SMS Network Error | Data: {}
[2025-12-06T17:08:14.429Z] [REQUEST] New Ticket Purchase Initiated | Data: {"ticketType":"VVIP","adults":1,"children":0,"paymentMethod":"mpesa","fullName":"dfss","phone":"0794809887","totalAmount":100000}
[2025-12-06T17:08:14.462Z] [RESPONSE] AzamPay Response Received | Data: {"success":false,"message":"Authentication failed - Could not get Token"}
[2025-12-06T17:08:14.474Z] [ERROR] SMS Network Error | Data: {}
[2025-12-06T17:08:16.624Z] [REQUEST] New Ticket Purchase Initiated | Data: {"ticketType":"VVIP","adults":1,"children":0,"paymentMethod":"mpesa","fullName":"dfss","phone":"0794809887","totalAmount":100000}
[2025-12-06T17:08:16.651Z] [RESPONSE] AzamPay Response Received | Data: {"success":false,"message":"Authentication failed - Could not get Token"}
[2025-12-06T17:08:16.663Z] [ERROR] SMS Network Error | Data: {}
[2025-12-06T17:08:39.146Z] [REQUEST] New Ticket Purchase Initiated | Data: {"ticketType":"REGULAR","adults":1,"children":0,"paymentMethod":"mpesa","fullName":"test data ","phone":"0794809887","totalAmount":20000}
[2025-12-06T17:08:40.006Z] [RESPONSE] AzamPay Response Received | Data: {"success":false,"message":"Authentication failed - Could not get Token"}
[2025-12-06T17:08:41.694Z] [INFO] SMS sent to 255794809887 | Data: {"message":"Hello test data , payment failed. Reason: Authentication failed - Could not get Token. Please try again."}
